2018-04-17 01:38:22,635:


Neural Network Architecture         
Layers:                                1
Input Neurons:                      0030
Hidden Neurons:                     0025
Output Neurons:                     0001
Total Number of Parameters:         0801
Output activation:                  sigmoid
Inner activation:                   tanh

2018-04-17 01:38:22,646:
Check Backpropagation(Difference between Numerical Gradient and Analytical Gradient): 2.4514E-10

2018-04-17 01:38:22,649:Regularization           : 0.0001
2018-04-17 01:38:22,649:Maxiters                 :   5000
2018-04-17 01:38:22,650:Load                     : False 
2018-04-17 01:38:22,650:File                     : savedData/

2018-04-17 01:38:22,651:Training Neural Network...

2018-04-17 01:49:32,320:Finish Training...

2018-04-17 01:49:32,321:Regularization: 0.0001
2018-04-17 01:49:32,321:Iterations: 5000
2018-04-17 01:49:32,321:Gradient Descent Execution time: 669.649
2018-04-17 01:49:32,321:Initial Cost: 1.05065
2018-04-17 01:49:32,321:Final Cost: 0.10634
2018-04-17 01:49:32,343:Model evaluation

2018-04-17 01:49:32,344:Accuracy in training Set: 0.96262
2018-04-17 01:49:32,345:Accuracy in test Set (Exact Gradient): 0.89251
