2018-04-17 03:34:53,670:


Neural Network Architecture         
Layers:                                1
Input Neurons:                      0030
Hidden Neurons:                     0025
Output Neurons:                     0001
Total Number of Parameters:         0801
Output activation:                  sigmoid
Inner activation:                   tanh

2018-04-17 03:34:53,686:
Check Backpropagation(Difference between Numerical Gradient and Analytical Gradient): 2.4514E-10

2018-04-17 03:34:53,688:Regularization           : 1.0000
2018-04-17 03:34:53,689:Maxiters                 :   5000
2018-04-17 03:34:55,436:Load                     : False 
2018-04-17 03:34:55,437:File                     : savedData/

2018-04-17 03:34:55,440:Training Neural Network...

2018-04-17 03:50:20,457:Finish Training...

2018-04-17 03:50:20,457:Regularization: 1.0000
2018-04-17 03:50:20,457:Iterations: 5000
2018-04-17 03:50:20,457:Gradient Descent Execution time: 924.946
2018-04-17 03:50:20,457:Initial Cost: 0.76261
2018-04-17 03:50:20,457:Final Cost: 0.29010
2018-04-17 03:50:20,481:Model evaluation

2018-04-17 03:50:20,481:Accuracy in training Set: 0.89847
2018-04-17 03:50:20,482:Accuracy in test Set (Exact Gradient): 0.87622
