2018-04-17 01:24:43,717:


Neural Network Architecture         
Layers:                                1
Input Neurons:                      0030
Hidden Neurons:                     0025
Output Neurons:                     0001
Total Number of Parameters:         0801
Output activation:                  sigmoid
Inner activation:                   tanh

2018-04-17 01:24:43,728:
Check Backpropagation(Difference between Numerical Gradient and Analytical Gradient): 2.4514E-10

2018-04-17 01:24:43,729:Regularization           : 0.0001
2018-04-17 01:24:43,730:Maxiters                 :   5000
2018-04-17 01:24:43,730:Load                     : False 
2018-04-17 01:24:43,730:File                     : savedData/

2018-04-17 01:24:43,731:Training Neural Network...

2018-04-17 01:24:57,594:Finish Training...

2018-04-17 01:24:57,594:Regularization: 0.0001
2018-04-17 01:24:57,594:Iterations: 5000
2018-04-17 01:24:57,595:Gradient Descent Execution time: 13.858
2018-04-17 01:24:57,595:Initial Cost: 0.80339
2018-04-17 01:24:57,595:Final Cost: 0.00032
2018-04-17 01:24:57,600:Model evaluation

2018-04-17 01:24:57,601:Accuracy in training Set: 1.00000
2018-04-17 01:24:57,602:Accuracy in test Set (Exact Gradient): 0.83713
