2018-04-17 02:31:10,404:


Neural Network Architecture         
Layers:                                1
Input Neurons:                      0030
Hidden Neurons:                     0025
Output Neurons:                     0001
Total Number of Parameters:         0801
Output activation:                  sigmoid
Inner activation:                   tanh

2018-04-17 02:31:10,422:
Check Backpropagation(Difference between Numerical Gradient and Analytical Gradient): 2.4514E-10

2018-04-17 02:31:10,427:Regularization           : 0.0001
2018-04-17 02:31:10,428:Maxiters                 :   5000
2018-04-17 02:31:12,609:Load                     : False 
2018-04-17 02:31:12,610:File                     : savedData/

2018-04-17 02:31:12,625:Training Neural Network...

2018-04-17 02:47:08,828:Finish Training...

2018-04-17 02:47:08,828:Regularization: 0.0001
2018-04-17 02:47:08,828:Iterations: 5000
2018-04-17 02:47:08,828:Gradient Descent Execution time: 956.127
2018-04-17 02:47:08,828:Initial Cost: 0.88685
2018-04-17 02:47:08,828:Final Cost: 0.15656
2018-04-17 02:47:08,853:Model evaluation

2018-04-17 02:47:08,854:Accuracy in training Set: 0.93802
2018-04-17 02:47:08,855:Accuracy in test Set (Exact Gradient): 0.85233
