2018-04-17 01:37:02,254:


Neural Network Architecture         
Layers:                                1
Input Neurons:                      0030
Hidden Neurons:                     0025
Output Neurons:                     0001
Total Number of Parameters:         0801
Output activation:                  sigmoid
Inner activation:                   tanh

2018-04-17 01:37:02,265:
Check Backpropagation(Difference between Numerical Gradient and Analytical Gradient): 2.4514E-10

2018-04-17 01:37:02,268:Regularization           : 1.0000
2018-04-17 01:37:02,268:Maxiters                 :   5000
2018-04-17 01:37:02,269:Load                     : False 
2018-04-17 01:37:02,269:File                     : savedData/

2018-04-17 01:37:02,271:Training Neural Network...

2018-04-17 01:38:11,451:Finish Training...

2018-04-17 01:38:11,451:Regularization: 1.0000
2018-04-17 01:38:11,451:Iterations: 5000
2018-04-17 01:38:11,451:Gradient Descent Execution time: 69.168
2018-04-17 01:38:11,451:Initial Cost: 0.87544
2018-04-17 01:38:11,451:Final Cost: 0.30672
2018-04-17 01:38:11,458:Model evaluation

2018-04-17 01:38:11,459:Accuracy in training Set: 0.89988
2018-04-17 01:38:11,460:Accuracy in test Set (Exact Gradient): 0.86428
