2018-04-17 03:50:22,275:


Neural Network Architecture         
Layers:                                1
Input Neurons:                      0030
Hidden Neurons:                     0025
Output Neurons:                     0001
Total Number of Parameters:         0801
Output activation:                  sigmoid
Inner activation:                   tanh

2018-04-17 03:50:22,288:
Check Backpropagation(Difference between Numerical Gradient and Analytical Gradient): 2.4514E-10

2018-04-17 03:50:22,291:Regularization           : 10.0000
2018-04-17 03:50:22,291:Maxiters                 :   5000
2018-04-17 03:50:24,444:Load                     : False 
2018-04-17 03:50:24,445:File                     : savedData/

2018-04-17 03:50:24,460:Training Neural Network...

2018-04-17 03:53:02,810:Finish Training...

2018-04-17 03:53:02,810:Regularization: 10.0000
2018-04-17 03:53:02,810:Iterations: 5000
2018-04-17 03:53:02,810:Gradient Descent Execution time: 158.282
2018-04-17 03:53:02,810:Initial Cost: 0.84126
2018-04-17 03:53:02,811:Final Cost: 0.36438
2018-04-17 03:53:02,833:Model evaluation

2018-04-17 03:53:02,833:Accuracy in training Set: 0.86024
2018-04-17 03:53:02,834:Accuracy in test Set (Exact Gradient): 0.85451
