2018-04-17 02:47:12,860:


Neural Network Architecture         
Layers:                                1
Input Neurons:                      0030
Hidden Neurons:                     0025
Output Neurons:                     0001
Total Number of Parameters:         0801
Output activation:                  sigmoid
Inner activation:                   tanh

2018-04-17 02:47:12,878:
Check Backpropagation(Difference between Numerical Gradient and Analytical Gradient): 2.4514E-10

2018-04-17 02:47:12,881:Regularization           : 0.0010
2018-04-17 02:47:12,882:Maxiters                 :   5000
2018-04-17 02:47:12,882:Load                     : False 
2018-04-17 02:47:12,882:File                     : savedData/

2018-04-17 02:47:12,884:Training Neural Network...

2018-04-17 03:03:06,486:Finish Training...

2018-04-17 03:03:06,486:Regularization: 0.0010
2018-04-17 03:03:06,486:Iterations: 5000
2018-04-17 03:03:06,487:Gradient Descent Execution time: 953.572
2018-04-17 03:03:06,487:Initial Cost: 0.70096
2018-04-17 03:03:06,487:Final Cost: 0.16598
2018-04-17 03:03:06,511:Model evaluation

2018-04-17 03:03:06,511:Accuracy in training Set: 0.93476
2018-04-17 03:03:06,513:Accuracy in test Set (Exact Gradient): 0.85776
