2018-04-17 01:38:13,093:


Neural Network Architecture         
Layers:                                1
Input Neurons:                      0030
Hidden Neurons:                     0025
Output Neurons:                     0001
Total Number of Parameters:         0801
Output activation:                  sigmoid
Inner activation:                   tanh

2018-04-17 01:38:13,106:
Check Backpropagation(Difference between Numerical Gradient and Analytical Gradient): 2.4514E-10

2018-04-17 01:38:13,109:Regularization           : 10.0000
2018-04-17 01:38:13,109:Maxiters                 :   5000
2018-04-17 01:38:13,110:Load                     : False 
2018-04-17 01:38:13,110:File                     : savedData/

2018-04-17 01:38:13,111:Training Neural Network...

2018-04-17 01:38:20,931:Finish Training...

2018-04-17 01:38:20,931:Regularization: 10.0000
2018-04-17 01:38:20,931:Iterations: 5000
2018-04-17 01:38:20,931:Gradient Descent Execution time: 7.810
2018-04-17 01:38:20,932:Initial Cost: 1.10786
2018-04-17 01:38:20,932:Final Cost: 0.41539
2018-04-17 01:38:20,938:Model evaluation

2018-04-17 01:38:20,939:Accuracy in training Set: 0.84560
2018-04-17 01:38:20,940:Accuracy in test Set (Exact Gradient): 0.82736
