2018-04-10 20:55:41,234:
        Neural Network Architecture 
                            Layers:    1
                     Input Neurons: 0030
                    Hidden Neurons: 0040
                    Output Neurons: 0001
        Total Number of Parameters: 1281
                 Output activation: sigmoid
                  Inner activation: tanh

2018-04-10 20:55:41,247:
Check Backpropagation(Difference between Numerical Gradient and Analytical Gradient): 2.4514E-10

2018-04-10 20:55:41,249:Training Neural Network...

2018-04-10 20:58:08,594:Finish Training...

2018-04-10 20:58:08,595:Regularization: 5.0000
2018-04-10 20:58:08,595:Iterations: 3000
2018-04-10 20:58:08,595:Gradient Descent Execution time: 147.311
2018-04-10 20:58:08,595:Initial Cost: 0.79735
2018-04-10 20:58:08,595:Final Cost: 0.34588
2018-04-10 20:58:08,624:Model evaluation

2018-04-10 20:58:08,625:Accuracy in training Set: 0.86716
2018-04-10 20:58:08,626:Accuracy in test Set (Exact Gradient): 0.86963
