2018-04-10 20:44:12,450:
        Neural Network Architecture 
                            Layers:    1
                     Input Neurons: 0030
                    Hidden Neurons: 0040
                    Output Neurons: 0001
        Total Number of Parameters: 1281
                 Output activation: sigmoid
                  Inner activation: tanh

2018-04-10 20:44:12,464:
Check Backpropagation(Difference between Numerical Gradient and Analytical Gradient): 2.4514E-10

2018-04-10 20:44:12,465:Training Neural Network...

2018-04-10 20:55:39,317:Finish Training...

2018-04-10 20:55:39,317:Regularization: 1.0000
2018-04-10 20:55:39,317:Iterations: 3000
2018-04-10 20:55:39,317:Gradient Descent Execution time: 686.817
2018-04-10 20:55:39,317:Initial Cost: 0.70646
2018-04-10 20:55:39,317:Final Cost: 0.29299
2018-04-10 20:55:39,347:Model evaluation

2018-04-10 20:55:39,348:Accuracy in training Set: 0.89658
2018-04-10 20:55:39,350:Accuracy in test Set (Exact Gradient): 0.88037
