2018-04-10 23:42:53,442:


Neural Network Architecture         
Layers:                                1
Input Neurons:                      0030
Hidden Neurons:                     0040
Output Neurons:                     0001
Total Number of Parameters:         1281
Output activation:                  sigmoid
Inner activation:                   tanh

2018-04-10 23:42:53,458:
Check Backpropagation(Difference between Numerical Gradient and Analytical Gradient): 2.4514E-10

2018-04-10 23:42:53,462:Regularization           : 0.1000
2018-04-10 23:42:53,462:Maxiters                 :   3000
2018-04-10 23:42:53,462:Load                     : True  
2018-04-10 23:42:53,462:File                     : savedData/04-10_22-53-17_ACC_TR-0.9593_ACC_TE-0.8516_FC-0.1577_REG_0.100_HN1-040_I-03000_para.csv

2018-04-10 23:42:53,463:Training Neural Network...

2018-04-10 23:54:48,959:Finish Training...

2018-04-10 23:54:48,960:Regularization: 0.1000
2018-04-10 23:54:48,960:Iterations: 3000
2018-04-10 23:54:48,960:Gradient Descent Execution time: 715.454
2018-04-10 23:54:48,960:Initial Cost: 0.15769
2018-04-10 23:54:48,960:Final Cost: 0.14864
2018-04-10 23:54:49,000:Model evaluation

2018-04-10 23:54:49,001:Accuracy in training Set: 0.96630
2018-04-10 23:54:49,002:Accuracy in test Set (Exact Gradient): 0.85010
