2018-04-10 20:21:34,606:
        Neural Network Architecture 
                            Layers:    1
                     Input Neurons: 0030
                    Hidden Neurons: 0040
                    Output Neurons: 0001
        Total Number of Parameters: 1281
                 Output activation: sigmoid
                  Inner activation: tanh

2018-04-10 20:21:34,620:
Check Backpropagation(Difference between Numerical Gradient and Analytical Gradient): 2.4514E-10

2018-04-10 20:21:34,622:Training Neural Network...

2018-04-10 20:33:08,197:Finish Training...

2018-04-10 20:33:08,198:Regularization: 0.1000
2018-04-10 20:33:08,198:Iterations: 3000
2018-04-10 20:33:08,198:Gradient Descent Execution time: 693.535
2018-04-10 20:33:08,198:Initial Cost: 0.75112
2018-04-10 20:33:08,198:Final Cost: 0.18953
2018-04-10 20:33:08,231:Model evaluation

2018-04-10 20:33:08,232:Accuracy in training Set: 0.93639
2018-04-10 20:33:08,233:Accuracy in test Set (Exact Gradient): 0.86865
