2018-04-10 21:00:16,449:
        Neural Network Architecture 
                            Layers:    1
                     Input Neurons: 0030
                    Hidden Neurons: 0040
                    Output Neurons: 0001
        Total Number of Parameters: 1281
                 Output activation: sigmoid
                  Inner activation: tanh

2018-04-10 21:00:16,460:
Check Backpropagation(Difference between Numerical Gradient and Analytical Gradient): 2.4514E-10

2018-04-10 21:00:16,461:Training Neural Network...

2018-04-10 21:01:33,650:Finish Training...

2018-04-10 21:01:33,651:Regularization: 15.0000
2018-04-10 21:01:33,651:Iterations: 3000
2018-04-10 21:01:33,651:Gradient Descent Execution time: 77.153
2018-04-10 21:01:33,651:Initial Cost: 0.87183
2018-04-10 21:01:33,651:Final Cost: 0.38226
2018-04-10 21:01:33,683:Model evaluation

2018-04-10 21:01:33,684:Accuracy in training Set: 0.85531
2018-04-10 21:01:33,685:Accuracy in test Set (Exact Gradient): 0.85938
