2018-04-10 19:56:56,212:
        Neural Network Architecture 
                            Layers:    1
                     Input Neurons: 0030
                    Hidden Neurons: 0040
                    Output Neurons: 0001
        Total Number of Parameters: 1281
                 Output activation: sigmoid
                  Inner activation: tanh

2018-04-10 19:56:56,223:
Check Backpropagation(Difference between Numerical Gradient and Analytical Gradient): 2.4514E-10

2018-04-10 19:56:56,225:Training Neural Network...

2018-04-10 20:09:14,313:Finish Training...

2018-04-10 20:09:14,313:Regularization: 0.0100
2018-04-10 20:09:14,314:Iterations: 3000
2018-04-10 20:09:14,314:Gradient Descent Execution time: 738.043
2018-04-10 20:09:14,314:Initial Cost: 0.72974
2018-04-10 20:09:14,314:Final Cost: 0.14293
2018-04-10 20:09:14,350:Model evaluation

2018-04-10 20:09:14,350:Accuracy in training Set: 0.94884
2018-04-10 20:09:14,352:Accuracy in test Set (Exact Gradient): 0.85889
