2018-04-09 18:27:48,329:
        Neural Network Architecture 
                            Layers:    1
                     Input Neurons: 0030
                    Hidden Neurons: 0025
                    Output Neurons: 0001
        Total Number of Parameters: 0801
                 Output activation: sigmoid
                  Inner activation: tanh

2018-04-09 18:27:48,344:
Check Backpropagation(Difference between Numerical Gradient and Analytical Gradient): 2.4515E-10

2018-04-09 18:27:48,345:Training Neural Network...

2018-04-09 18:35:23,379:Finish Training...

2018-04-09 18:35:23,380:Regularization: 0.7360
2018-04-09 18:35:23,380:Iterations: 2600
2018-04-09 18:35:23,380:Gradient Descent Execution time: 454.994
2018-04-09 18:35:23,380:Initial Cost: 0.72889
2018-04-09 18:35:23,380:Final Cost: 0.27417
2018-04-09 18:35:23,410:Model evaluation

2018-04-09 18:35:23,411:Accuracy in training Set: 0.90757
2018-04-09 18:35:23,413:Accuracy in test Set (Exact Gradient): 0.88281
