2018-04-09 17:28:39,970:
        Neural Network Architecture 
                            Layers:    1
                     Input Neurons: 0030
                    Hidden Neurons: 0025
                    Output Neurons: 0001
        Total Number of Parameters: 0801
                 Output activation: sigmoid
                  Inner activation: tanh

2018-04-09 17:28:39,985:
Check Backpropagation(Difference between Numerical Gradient and Analytical Gradient): 2.4515E-10

2018-04-09 17:28:39,986:Training Neural Network...

2018-04-09 17:35:43,439:Finish Training...

2018-04-09 17:35:43,440:Regularization: 0.7500
2018-04-09 17:35:43,440:Iterations: 2500
2018-04-09 17:35:43,440:Gradient Descent Execution time: 423.412
2018-04-09 17:35:43,440:Initial Cost: 0.84169
2018-04-09 17:35:43,440:Final Cost: 0.27372
2018-04-09 17:35:43,468:Model evaluation

2018-04-09 17:35:43,469:Accuracy in training Set: 0.91013
2018-04-09 17:35:43,471:Accuracy in test Set (Exact Gradient): 0.88232
