2018-04-09 18:35:25,321:
        Neural Network Architecture 
                            Layers:    1
                     Input Neurons: 0030
                    Hidden Neurons: 0025
                    Output Neurons: 0001
        Total Number of Parameters: 0801
                 Output activation: sigmoid
                  Inner activation: tanh

2018-04-09 18:35:25,337:
Check Backpropagation(Difference between Numerical Gradient and Analytical Gradient): 2.4514E-10

2018-04-09 18:35:25,338:Training Neural Network...

2018-04-09 18:42:44,762:Finish Training...

2018-04-09 18:42:44,763:Regularization: 0.7440
2018-04-09 18:42:44,763:Iterations: 2600
2018-04-09 18:42:44,763:Gradient Descent Execution time: 439.384
2018-04-09 18:42:44,763:Initial Cost: 0.75473
2018-04-09 18:42:44,763:Final Cost: 0.27389
2018-04-09 18:42:44,794:Model evaluation

2018-04-09 18:42:44,795:Accuracy in training Set: 0.90733
2018-04-09 18:42:44,797:Accuracy in test Set (Exact Gradient): 0.87646
