2018-04-09 15:25:05,659:
        Neural Network Architecture 
                            Layers:    1
                     Input Neurons: 0030
                    Hidden Neurons: 0025
                    Output Neurons: 0001
        Total Number of Parameters: 0801
                 Output activation: sigmoid
                  Inner activation: tanh

2018-04-09 15:25:05,675:
Check Backpropagation(Difference between Numerical Gradient and Analytical Gradient): 2.4514E-10

2018-04-09 15:25:05,677:Training Neural Network...

2018-04-09 15:32:31,127:Finish Training...

2018-04-09 15:32:31,128:Regularization: 0.0010
2018-04-09 15:32:31,128:Iterations: 2500
2018-04-09 15:32:31,128:Gradient Descent Execution time: 445.421
2018-04-09 15:32:31,128:Initial Cost: 0.79480
2018-04-09 15:32:31,129:Final Cost: 0.14179
2018-04-09 15:32:31,158:Model evaluation

2018-04-09 15:32:31,159:Accuracy in training Set: 0.94957
2018-04-09 15:32:31,161:Accuracy in test Set (Exact Gradient): 0.83984
