2018-04-09 16:47:41,512:
        Neural Network Architecture 
                            Layers:    1
                     Input Neurons: 0030
                    Hidden Neurons: 0025
                    Output Neurons: 0001
        Total Number of Parameters: 0801
                 Output activation: sigmoid
                  Inner activation: tanh

2018-04-09 16:47:41,523:
Check Backpropagation(Difference between Numerical Gradient and Analytical Gradient): 2.4514E-10

2018-04-09 16:47:41,523:Training Neural Network...

2018-04-09 16:54:41,789:Finish Training...

2018-04-09 16:54:41,789:Regularization: 0.4000
2018-04-09 16:54:41,790:Iterations: 2500
2018-04-09 16:54:41,790:Gradient Descent Execution time: 420.226
2018-04-09 16:54:41,790:Initial Cost: 0.74846
2018-04-09 16:54:41,790:Final Cost: 0.23859
2018-04-09 16:54:41,820:Model evaluation

2018-04-09 16:54:41,821:Accuracy in training Set: 0.92552
2018-04-09 16:54:41,822:Accuracy in test Set (Exact Gradient): 0.86816
