2018-04-09 17:56:04,287:
        Neural Network Architecture 
                            Layers:    1
                     Input Neurons: 0030
                    Hidden Neurons: 0025
                    Output Neurons: 0001
        Total Number of Parameters: 0801
                 Output activation: sigmoid
                  Inner activation: tanh

2018-04-09 17:56:04,309:
Check Backpropagation(Difference between Numerical Gradient and Analytical Gradient): 2.4514E-10

2018-04-09 17:56:04,310:Training Neural Network...

2018-04-09 18:04:06,639:Finish Training...

2018-04-09 18:04:06,640:Regularization: 0.7400
2018-04-09 18:04:06,640:Iterations: 2500
2018-04-09 18:04:06,640:Gradient Descent Execution time: 482.284
2018-04-09 18:04:06,640:Initial Cost: 0.72329
2018-04-09 18:04:06,641:Final Cost: 0.27441
2018-04-09 18:04:06,674:Model evaluation

2018-04-09 18:04:06,675:Accuracy in training Set: 0.90965
2018-04-09 18:04:06,677:Accuracy in test Set (Exact Gradient): 0.87549
