2018-04-09 15:47:07,414:
        Neural Network Architecture 
                            Layers:    1
                     Input Neurons: 0030
                    Hidden Neurons: 0025
                    Output Neurons: 0001
        Total Number of Parameters: 0801
                 Output activation: sigmoid
                  Inner activation: tanh

2018-04-09 15:47:07,428:
Check Backpropagation(Difference between Numerical Gradient and Analytical Gradient): 2.4514E-10

2018-04-09 15:47:07,429:Training Neural Network...

2018-04-09 15:50:27,473:Finish Training...

2018-04-09 15:50:27,473:Regularization: 1.0000
2018-04-09 15:50:27,473:Iterations: 2500
2018-04-09 15:50:27,473:Gradient Descent Execution time: 200.008
2018-04-09 15:50:27,474:Initial Cost: 0.66758
2018-04-09 15:50:27,474:Final Cost: 0.29166
2018-04-09 15:50:27,501:Model evaluation

2018-04-09 15:50:27,502:Accuracy in training Set: 0.89927
2018-04-09 15:50:27,504:Accuracy in test Set (Exact Gradient): 0.87939
