2018-04-09 18:04:08,976:
        Neural Network Architecture 
                            Layers:    1
                     Input Neurons: 0030
                    Hidden Neurons: 0025
                    Output Neurons: 0001
        Total Number of Parameters: 0801
                 Output activation: sigmoid
                  Inner activation: tanh

2018-04-09 18:04:08,991:
Check Backpropagation(Difference between Numerical Gradient and Analytical Gradient): 2.4514E-10

2018-04-09 18:04:08,993:Training Neural Network...

2018-04-09 18:09:35,083:Finish Training...

2018-04-09 18:09:35,084:Regularization: 0.7600
2018-04-09 18:09:35,084:Iterations: 2500
2018-04-09 18:09:35,084:Gradient Descent Execution time: 326.053
2018-04-09 18:09:35,084:Initial Cost: 0.85729
2018-04-09 18:09:35,084:Final Cost: 0.27529
2018-04-09 18:09:35,111:Model evaluation

2018-04-09 18:09:35,112:Accuracy in training Set: 0.90537
2018-04-09 18:09:35,114:Accuracy in test Set (Exact Gradient): 0.87793
