2018-04-09 15:50:29,257:
        Neural Network Architecture 
                            Layers:    1
                     Input Neurons: 0030
                    Hidden Neurons: 0025
                    Output Neurons: 0001
        Total Number of Parameters: 0801
                 Output activation: sigmoid
                  Inner activation: tanh

2018-04-09 15:50:29,271:
Check Backpropagation(Difference between Numerical Gradient and Analytical Gradient): 2.4514E-10

2018-04-09 15:50:29,272:Training Neural Network...

2018-04-09 15:51:59,784:Finish Training...

2018-04-09 15:51:59,785:Regularization: 10.0000
2018-04-09 15:51:59,785:Iterations: 2500
2018-04-09 15:51:59,785:Gradient Descent Execution time: 90.472
2018-04-09 15:51:59,785:Initial Cost: 0.74421
2018-04-09 15:51:59,785:Final Cost: 0.36712
2018-04-09 15:51:59,823:Model evaluation

2018-04-09 15:51:59,824:Accuracy in training Set: 0.85824
2018-04-09 15:51:59,826:Accuracy in test Set (Exact Gradient): 0.86230
