2018-04-08 22:31:07,068:
        Neural Network Architecture 
                            Layers:    1
                     Input Neurons: 0030
                    Hidden Neurons: 0064
                    Output Neurons: 0001
        Total Number of Parameters: 2049
                 Output activation: sigmoid
                  Inner activation: sigmoid

2018-04-08 22:31:07,078:
Check Backpropagation(Difference between Numerical Gradient and Analytical Gradient): 1.7773E-09

2018-04-08 22:31:07,078:Training Neural Network...

2018-04-08 22:34:26,224:Finish Training...

2018-04-08 22:34:26,225:Regularization: 0.0100
2018-04-08 22:34:26,225:Iterations: 2000
2018-04-08 22:34:26,225:Gradient Descent Execution time: 199.090
2018-04-08 22:34:26,225:Initial Cost: 0.80295
2018-04-08 22:34:26,225:Final Cost: 0.28060
2018-04-08 22:34:26,268:Model evaluation

2018-04-08 22:34:26,268:Accuracy in training Set: 0.88523
2018-04-08 22:34:26,268:Accuracy in test Set (Exact Gradient): 0.87988
