2018-04-08 21:32:00,534:
        Neural Network Architecture 
                            Layers:    1
                     Input Neurons: 0030
                    Hidden Neurons: 0064
                    Output Neurons: 0001
        Total Number of Parameters: 2049
                 Output activation: sigmoid
                  Inner activation: sigmoid

2018-04-08 21:32:00,554:
Check Backpropagation(Difference between Numerical Gradient and Analytical Gradient): 1.7773E-09

2018-04-08 21:32:00,554:Training Neural Network...

2018-04-08 21:41:43,310:Finish Training...

2018-04-08 21:41:43,311:Regularization: 0.0000
2018-04-08 21:41:43,311:Iterations: 2000
2018-04-08 21:41:43,311:Gradient Descent Execution time: 582.702
2018-04-08 21:41:43,311:Initial Cost: 0.14601
2018-04-08 21:41:43,311:Final Cost: 0.07123
2018-04-08 21:41:43,354:Model evaluation

2018-04-08 21:41:43,355:Accuracy in training Set: 0.97985
2018-04-08 21:41:43,355:Accuracy in test Set (Exact Gradient): 0.84912
