2018-04-12 21:29:00,738:


Neural Network Architecture         
Layers:                                1
Input Neurons:                      0030
Hidden Neurons:                     0020
Output Neurons:                     0001
Total Number of Parameters:         0641
Output activation:                  sigmoid
Inner activation:                   tanh

2018-04-12 21:29:00,760:
Check Backpropagation(Difference between Numerical Gradient and Analytical Gradient): 2.4415E-10

2018-04-12 21:29:00,761:Regularization           : 0.0005
2018-04-12 21:29:00,761:Maxiters                 : 1100000
2018-04-12 21:29:00,761:Load                     : True  
2018-04-12 21:29:00,761:Training Neural Network...

2018-04-12 22:03:43,646:Finish Training...

2018-04-12 22:03:43,646:Regularization: 0.0005
2018-04-12 22:03:43,646:Iterations: 1100000
2018-04-12 22:03:43,646:Gradient Descent Execution time: 2082.807
2018-04-12 22:03:43,646:Initial Cost: 0.85020
2018-04-12 22:03:43,646:Final Cost: 0.20867
2018-04-12 22:03:43,747:Model evaluation

2018-04-12 22:03:43,747:Accuracy in training Set: 0.91612
2018-04-12 22:03:43,747:Accuracy in test Set (Exact Gradient): 0.86475
