2018-04-12 20:55:42,945:


Neural Network Architecture         
Layers:                                1
Input Neurons:                      0030
Hidden Neurons:                     0020
Output Neurons:                     0001
Total Number of Parameters:         0641
Output activation:                  sigmoid
Inner activation:                   tanh

2018-04-12 20:55:42,967:
Check Backpropagation(Difference between Numerical Gradient and Analytical Gradient): 2.4414E-10

2018-04-12 20:55:42,967:Regularization           : 10.0000
2018-04-12 20:55:42,967:Maxiters                 : 1100000
2018-04-12 20:55:42,967:Load                     : True  
2018-04-12 20:55:42,967:Training Neural Network...

2018-04-12 21:28:58,986:Finish Training...

2018-04-12 21:28:58,987:Regularization: 10.0000
2018-04-12 21:28:58,987:Iterations: 1100000
2018-04-12 21:28:58,987:Gradient Descent Execution time: 1995.954
2018-04-12 21:28:58,987:Initial Cost: 1.01133
2018-04-12 21:28:58,987:Final Cost: 0.69303
2018-04-12 21:28:59,067:Model evaluation

2018-04-12 21:28:59,067:Accuracy in training Set: 0.51795
2018-04-12 21:28:59,067:Accuracy in test Set (Exact Gradient): 0.51807
